<?xml version="1.0" encoding="UTF-8"?>
<!-- Generated by org.testng.reporters.JUnitXMLReporter -->
<testsuite ignored="0" hostname="DESKTOP-GH9PSVH" failures="1" tests="1" name="Banking App Test " time="35.862" errors="0" timestamp="17 Dec 2020 10:56:25 GMT">
  <testcase classname="com.project.testcases.TC_LoginTest_001" name="loginTest" time="31.322">
    <failure type="junit.framework.AssertionFailedError">
      <![CDATA[junit.framework.AssertionFailedError
at junit.framework.Assert.fail(Assert.java:47)
at junit.framework.Assert.assertTrue(Assert.java:20)
at junit.framework.Assert.assertTrue(Assert.java:27)
at com.project.testcases.TC_LoginTest_001.loginTest(TC_LoginTest_001.java:59)
... Removed 28 stack frames]]>
    </failure>
  </testcase> <!-- loginTest -->
</testsuite> <!-- Banking App Test  -->
