<?xml version="1.0" encoding="UTF-8"?>
<testsuite name="TestSuite" time="31.325" tests="1" errors="0" skipped="0" failures="1">
  <properties>
[...]
</properties>
  <testcase name="loginTest" classname="com.project.testcases.TC_LoginTest_001" time="31.325">
    <failure type="junit.framework.AssertionFailedError:">junit.framework.AssertionFailedError: null
	at junit.framework.Assert.fail(Assert.java:47)
	at junit.framework.Assert.assertTrue(Assert.java:20)
	at junit.framework.Assert.assertTrue(Assert.java:27)
	at com.project.testcases.TC_LoginTest_001.loginTest(TC_LoginTest_001.java:59)
</failure>
    <system-out><![CDATA[ INFO [main] (TC_LoginTest_001.java:24)- URL is launched successfully
0 [main] INFO com.project.baseclass.BaseClass  - URL is launched successfully
Page title is : Login - My Store
 INFO [main] (TC_LoginTest_001.java:34)- Entered Email Id
2271 [main] INFO com.project.baseclass.BaseClass  - Entered Email Id
 INFO [main] (TC_LoginTest_001.java:37)- Entered Password
2340 [main] INFO com.project.baseclass.BaseClass  - Entered Password
 INFO [main] (TC_LoginTest_001.java:40)- Submitted
5414 [main] INFO com.project.baseclass.BaseClass  - Submitted
 INFO [main] (TC_LoginTest_001.java:45)- Signed Out
8460 [main] INFO com.project.baseclass.BaseClass  - Signed Out
Screenshot taken
]]></system-out>
    <system-err><![CDATA[Starting ChromeDriver 87.0.4280.20 (c99e81631faa0b2a448e658c0dbd8311fb04ddbd-refs/branch-heads/4280@{#355}) on port 48600
Only local connections are allowed.
Please see https://chromedriver.chromium.org/security-considerations for suggestions on keeping ChromeDriver safe.
ChromeDriver was started successfully.
Dec 17, 2020 4:25:53 PM org.openqa.selenium.remote.ProtocolHandshake createSession
INFO: Detected dialect: W3C
[1608202580.442][SEVERE]: Timed out receiving message from renderer: 10.000
[1608202580.442][WARNING]: screenshot failed, retrying timeout: Timed out receiving message from renderer: 10.000
]]></system-err>
  </testcase>
</testsuite>