<?xml version="1.0" encoding="UTF-8"?>
<testsuite xmlns:xsi="http://www.w3.org/2001/XMLSchema-instance" xsi:noNamespaceSchemaLocation="https://maven.apache.org/surefire/maven-surefire-plugin/xsd/surefire-test-report.xsd" name="TestSuite" time="98.152" tests="2" errors="0" skipped="0" failures="2">
  <properties>
[...]
</properties>
  <testcase name="loginTest" classname="com.project.testcases.TC_LoginTest_001" time="45.802">
    <failure message="timeout: Timed out receiving message from renderer: 20.000&#10;  (Session info: chrome=105.0.5195.127)&#10;Build info: version: &apos;3.14.0&apos;, revision: &apos;aacccce0&apos;, time: &apos;2018-08-02T20:19:58.91Z&apos;&#10;System info: host: &apos;DESKTOP-8BLJPQ9&apos;, ip: &apos;192.168.0.102&apos;, os.name: &apos;Windows 10&apos;, os.arch: &apos;amd64&apos;, os.version: &apos;10.0&apos;, java.version: &apos;17.0.1&apos;&#10;Driver info: org.openqa.selenium.chrome.ChromeDriver&#10;Capabilities {acceptInsecureCerts: false, browserName: chrome, browserVersion: 105.0.5195.127, chrome: {chromedriverVersion: 105.0.5195.52 (412c95e51883..., userDataDir: C:\Users\msi\AppData\Local\...}, goog:chromeOptions: {debuggerAddress: localhost:50124}, javascriptEnabled: true, networkConnectionEnabled: false, pageLoadStrategy: normal, platform: WINDOWS, platformName: WINDOWS, proxy: Proxy(), setWindowRect: true, strictFileInteractability: false, timeouts: {implicit: 0, pageLoad: 300000, script: 30000}, unhandledPromptBehavior: dismiss and notify, webauthn:extension:credBlob: true, webauthn:extension:largeBlob: true, webauthn:virtualAuthenticators: true}&#10;Session ID: e0a5a28d9f488316eda6015cd446451d" type="org.openqa.selenium.TimeoutException">org.openqa.selenium.TimeoutException: 
timeout: Timed out receiving message from renderer: 20.000
  (Session info: chrome=105.0.5195.127)
Build info: version: '3.14.0', revision: 'aacccce0', time: '2018-08-02T20:19:58.91Z'
System info: host: 'DESKTOP-8BLJPQ9', ip: '192.168.0.102', os.name: 'Windows 10', os.arch: 'amd64', os.version: '10.0', java.version: '17.0.1'
Driver info: org.openqa.selenium.chrome.ChromeDriver
Capabilities {acceptInsecureCerts: false, browserName: chrome, browserVersion: 105.0.5195.127, chrome: {chromedriverVersion: 105.0.5195.52 (412c95e51883..., userDataDir: C:\Users\msi\AppData\Local\...}, goog:chromeOptions: {debuggerAddress: localhost:50124}, javascriptEnabled: true, networkConnectionEnabled: false, pageLoadStrategy: normal, platform: WINDOWS, platformName: WINDOWS, proxy: Proxy(), setWindowRect: true, strictFileInteractability: false, timeouts: {implicit: 0, pageLoad: 300000, script: 30000}, unhandledPromptBehavior: dismiss and notify, webauthn:extension:credBlob: true, webauthn:extension:largeBlob: true, webauthn:virtualAuthenticators: true}
Session ID: e0a5a28d9f488316eda6015cd446451d
	at com.project.testcases.TC_LoginTest_001.loginTest(TC_LoginTest_001.java:54)
</failure>
    <system-out><![CDATA[I am in Start MethodBanking App Test 
 INFO [main] (TC_LoginTest_001.java:34)- URL is launched successfully
0 [main] INFO com.project.baseclass.BaseClass  - URL is launched successfully
Page title is : Login - My Store
 INFO [main] (TC_LoginTest_001.java:44)- Entered Email Id
211 [main] INFO com.project.baseclass.BaseClass  - Entered Email Id
 INFO [main] (TC_LoginTest_001.java:47)- Entered Password
300 [main] INFO com.project.baseclass.BaseClass  - Entered Password
 INFO [main] (TC_LoginTest_001.java:50)- Submitted
10093 [main] INFO com.project.baseclass.BaseClass  - Submitted
I am on the Test Case Failed methodloginTestFailed
Screenshot Captured for test caseloginTestFailed
]]></system-out>
    <system-err><![CDATA[SLF4J: Failed to load class "org.slf4j.impl.StaticLoggerBinder".
SLF4J: Defaulting to no-operation (NOP) logger implementation
SLF4J: See http://www.slf4j.org/codes.html#StaticLoggerBinder for further details.
Starting ChromeDriver 105.0.5195.52 (412c95e518836d8a7d97250d62b29c2ae6a26a85-refs/branch-heads/5195@{#853}) on port 30046
Only local connections are allowed.
Please see https://chromedriver.chromium.org/security-considerations for suggestions on keeping ChromeDriver safe.
ChromeDriver was started successfully.
Oct 05, 2022 8:57:43 PM org.openqa.selenium.remote.ProtocolHandshake createSession
INFO: Detected dialect: W3C
[1664983708.990][SEVERE]: Timed out receiving message from renderer: 20.000
[1664983708.994][SEVERE]: Timed out receiving message from renderer: 20.000
Oct 05, 2022 8:58:28 PM org.openqa.selenium.remote.ErrorCodes toStatus
INFO: HTTP Status: '500' -> incorrect JSON status mapping for 'timeout' (408 expected)
]]></system-err>
  </testcase>
  <testcase name="ordering" classname="com.project.testcases.TC_OrderingTest_002" time="44.073">
    <failure message="element not interactable&#10;  (Session info: chrome=105.0.5195.127)&#10;Build info: version: &apos;3.14.0&apos;, revision: &apos;aacccce0&apos;, time: &apos;2018-08-02T20:19:58.91Z&apos;&#10;System info: host: &apos;DESKTOP-8BLJPQ9&apos;, ip: &apos;192.168.0.102&apos;, os.name: &apos;Windows 10&apos;, os.arch: &apos;amd64&apos;, os.version: &apos;10.0&apos;, java.version: &apos;17.0.1&apos;&#10;Driver info: org.openqa.selenium.chrome.ChromeDriver&#10;Capabilities {acceptInsecureCerts: false, browserName: chrome, browserVersion: 105.0.5195.127, chrome: {chromedriverVersion: 105.0.5195.52 (412c95e51883..., userDataDir: C:\Users\msi\AppData\Local\...}, goog:chromeOptions: {debuggerAddress: localhost:50201}, javascriptEnabled: true, networkConnectionEnabled: false, pageLoadStrategy: normal, platform: WINDOWS, platformName: WINDOWS, proxy: Proxy(), setWindowRect: true, strictFileInteractability: false, timeouts: {implicit: 0, pageLoad: 300000, script: 30000}, unhandledPromptBehavior: dismiss and notify, webauthn:extension:credBlob: true, webauthn:extension:largeBlob: true, webauthn:virtualAuthenticators: true}&#10;Session ID: 991d81add1a56822218a0e84aba93ad3" type="org.openqa.selenium.ElementNotInteractableException">org.openqa.selenium.ElementNotInteractableException: 
element not interactable
  (Session info: chrome=105.0.5195.127)
Build info: version: '3.14.0', revision: 'aacccce0', time: '2018-08-02T20:19:58.91Z'
System info: host: 'DESKTOP-8BLJPQ9', ip: '192.168.0.102', os.name: 'Windows 10', os.arch: 'amd64', os.version: '10.0', java.version: '17.0.1'
Driver info: org.openqa.selenium.chrome.ChromeDriver
Capabilities {acceptInsecureCerts: false, browserName: chrome, browserVersion: 105.0.5195.127, chrome: {chromedriverVersion: 105.0.5195.52 (412c95e51883..., userDataDir: C:\Users\msi\AppData\Local\...}, goog:chromeOptions: {debuggerAddress: localhost:50201}, javascriptEnabled: true, networkConnectionEnabled: false, pageLoadStrategy: normal, platform: WINDOWS, platformName: WINDOWS, proxy: Proxy(), setWindowRect: true, strictFileInteractability: false, timeouts: {implicit: 0, pageLoad: 300000, script: 30000}, unhandledPromptBehavior: dismiss and notify, webauthn:extension:credBlob: true, webauthn:extension:largeBlob: true, webauthn:virtualAuthenticators: true}
Session ID: 991d81add1a56822218a0e84aba93ad3
	at com.project.testcases.TC_OrderingTest_002.ordering(TC_OrderingTest_002.java:58)
</failure>
    <system-out><![CDATA[ INFO [main] (TC_OrderingTest_002.java:22)- URL is launched successfully
45087 [main] INFO com.project.baseclass.BaseClass  - URL is launched successfully
Page title is : Login - My Store
 INFO [main] (TC_OrderingTest_002.java:29)- Entered Email Id
45190 [main] INFO com.project.baseclass.BaseClass  - Entered Email Id
 INFO [main] (TC_OrderingTest_002.java:33)- Entered Password
45274 [main] INFO com.project.baseclass.BaseClass  - Entered Password
 INFO [main] (TC_OrderingTest_002.java:36)- Submitted
51565 [main] INFO com.project.baseclass.BaseClass  - Submitted
Screenshot taken
Screenshot taken
I am on the Test Case Failed methodorderingFailed
Screenshot Captured for test caseorderingFailed
]]></system-out>
    <system-err><![CDATA[Starting ChromeDriver 105.0.5195.52 (412c95e518836d8a7d97250d62b29c2ae6a26a85-refs/branch-heads/5195@{#853}) on port 37111
Only local connections are allowed.
Please see https://chromedriver.chromium.org/security-considerations for suggestions on keeping ChromeDriver safe.
ChromeDriver was started successfully.
Oct 05, 2022 8:58:30 PM org.openqa.selenium.remote.ProtocolHandshake createSession
INFO: Detected dialect: W3C
]]></system-err>
  </testcase>
</testsuite>