<?xml version="1.0" encoding="UTF-8"?>
<!-- Generated by org.testng.reporters.JUnitXMLReporter -->
<testsuite ignored="0" hostname="DESKTOP-8BLJPQ9" failures="1" tests="1" name="Banking App Test " time="24.094" errors="0" timestamp="2022-09-18T17:42:14 IST">
  <testcase classname="com.project.testcases.TC_LoginTest_001" name="loginTest" time="21.77">
    <failure type="java.lang.AssertionError" message="expected [Loginy Store] but found [Login - My Store]">
      <![CDATA[java.lang.AssertionError: expected [Loginy Store] but found [Login - My Store]
at com.project.testcases.TC_LoginTest_001.loginTest(TC_LoginTest_001.java:54)
at java.base/java.util.ArrayList.forEach(ArrayList.java:1511)
... Removed 33 stack frames]]>
    </failure>
  </testcase> <!-- loginTest -->
</testsuite> <!-- Banking App Test  -->
